make all --print-data-base --no-builtin-variables --no-builtin-rules --question
# GNU Make 4.2.1
# Built for x86_64-pc-linux-gnu
# Copyright (C) 1988-2016 Free Software Foundation, Inc.
# License GPLv3+: GNU GPL version 3 or later <http://gnu.org/licenses/gpl.html>
# This is free software: you are free to change and redistribute it.
# There is NO WARRANTY, to the extent permitted by law.

# Make data base, printed on Thu Oct 27 22:45:31 2022

# Variables

# 'override' directive
GNUMAKEFLAGS := 
# automatic
<D = $(patsubst %/,%,$(dir $<))
# makefile (from 'makefile', line 21)
PREFIX = arm-none-eabi-
# automatic
?F = $(notdir $?)
# environment
PAPERSIZE = letter
# environment
DESKTOP_SESSION = ubuntu
# default
.SHELLFLAGS := -c
# environment
XDG_SESSION_CLASS = user
# environment
XDG_SESSION_TYPE = x11
# automatic
?D = $(patsubst %/,%,$(dir $?))
# environment
IM_CONFIG_PHASE = 1
# automatic
@D = $(patsubst %/,%,$(dir $@))
# environment
XAUTHORITY = /run/user/1000/gdm/Xauthority
# environment
GDMSESSION = ubuntu
# environment
XMODIFIERS = @im=ibus
# makefile
CURDIR := /home/budali11/git_download/MSP432-with-makefile/mpu6050_soft_C
# makefile
SHELL = /bin/sh
# environment
VSCODE_NLS_CONFIG = {"locale":"zh-cn","availableLanguages":{"*":"zh-cn"},"_languagePackId":"d12f895d31d9f9b0d093ad4fb7402f51.zh-cn","_translationsConfigFile":"/home/budali11/.config/Code/clp/d12f895d31d9f9b0d093ad4fb7402f51.zh-cn/tcf.json","_cacheRoot":"/home/budali11/.config/Code/clp/d12f895d31d9f9b0d093ad4fb7402f51.zh-cn","_resolvedLanguagePackCoreLocation":"/home/budali11/.config/Code/clp/d12f895d31d9f9b0d093ad4fb7402f51.zh-cn/d045a5eda657f4d7b676dedbfa7aab8207f8a075","_corruptedFile":"/home/budali11/.config/Code/clp/d12f895d31d9f9b0d093ad4fb7402f51.zh-cn/corrupted.info","_languagePackSupport":true}
# makefile (from 'makefile', line 34)
SZ = $(PREFIX)size
# environment
_ = /usr/share/code/code
# environment
JOURNAL_STREAM = 8:51566
# environment
XDG_CONFIG_DIRS = /etc/xdg/xdg-ubuntu:/etc/xdg
# makefile (from 'makefile', line 1)
MAKEFILE_LIST :=  makefile
# automatic
@F = $(notdir $@)
# makefile (from 'makefile', line 33)
CP = $(PREFIX)objcopy
# environment
GIO_LAUNCHED_DESKTOP_FILE = /usr/share/applications/code.desktop
# environment
USERNAME = budali11
# environment
MAKELEVEL := 0
# environment
XDG_DATA_DIRS = /usr/share/ubuntu:/home/budali11/.local/share/flatpak/exports/share:/var/lib/flatpak/exports/share:/usr/local/share/:/usr/share/:/var/lib/snapd/desktop
# environment
DBUS_SESSION_BUS_ADDRESS = unix:path=/run/user/1000/bus,guid=cb9a71fa907787f3b528bd4d635a8f13
# makefile (from 'makefile', line 32)
AS = $(PREFIX)gcc -x assembler-with-cpp
# environment
MANAGERPID = 1484
# environment
LC_NAME = en_US.UTF-8
# environment
VSCODE_CWD = /home/budali11
# default
MAKE_HOST := x86_64-pc-linux-gnu
# environment
PATH = /usr/local/sbin:/usr/local/bin:/usr/sbin:/usr/bin:/sbin:/bin:/usr/games:/usr/local/games:/snap/bin:/usr/local/arm/arm-linux-gnueabihf/bin:/usr/local/arm/GNU_Tools_for_ARM/bin
# makefile (from 'makefile', line 35)
LD = $(PREFIX)ld
# environment
GPG_AGENT_INFO = /run/user/1000/gnupg/S.gpg-agent:0:1
# environment
LSCOLORS = Gxfxcxdxbxegedabagacad
# environment
SESSION_MANAGER = local/hello504:@/tmp/.ICE-unix/1690,unix/hello504:/tmp/.ICE-unix/1690
# environment
XDG_RUNTIME_DIR = /run/user/1000
# makefile (from 'makefile', line 118)
VPATH = Core/Include:Core/Include/CMSIS:Bsp/Inc:User/Inc: Bsp/Src:Core/Src:User/Src: Bus/IIC/Src:Devices/mpu6050/Src:Devices/mpu6050/Inc 
# makefile (from 'makefile', line 115)
CCFLAGS = -c -g $(MCU) $(C_DEFS) $(C_INCLUDES) 
# environment
XDG_MENU_PREFIX = gnome-
# environment
ELECTRON_RUN_AS_NODE = 1
# environment
INVOCATION_ID = 0e602fe983154e37a5b48373ecb1c2fc
# makefile (from 'makefile', line 113)
LDFLAGS = $(MCU) -Tmsp432p401r.lds -specs=nosys.specs $(LIB) -Wl,-gc-sections,--cref -Wl,-Map=$(BUILD_DIR)/$(PRJ_NAME).map
# makefile (from 'makefile', line 110)
LIB = -lc -lm -lnosys 
# default
.FEATURES := target-specific order-only second-expansion else-if shortest-stem undefine oneshell archives jobserver output-sync check-symlink load
# environment
LS_COLORS = 
# environment
XDG_SESSION_DESKTOP = ubuntu
# environment
SSH_AUTH_SOCK = /run/user/1000/keyring/ssh
# environment
GIO_LAUNCHED_DESKTOP_FILE_PID = 11099
# automatic
%F = $(notdir $%)
# environment
DISPLAY = :0
# environment
PWD = /home/budali11/git_download/MSP432-with-makefile/mpu6050_soft_C
# default
.LOADED := 
# environment
SSH_AGENT_PID = 1659
# environment
ORIGINAL_XDG_CURRENT_DESKTOP = ubuntu:GNOME
# environment
GTK_MODULES = gail:atk-bridge
# environment
VSCODE_AMD_ENTRYPOINT = vs/workbench/api/node/extensionHostProcess
# environment
HOME = /home/budali11
# makefile (from 'makefile', line 89)
C_DEVICE_SOURCES = Devices/mpu6050/Src/mpu6050.c 
# environment
VSCODE_CODE_CACHE_PATH = /home/budali11/.config/Code/CachedData/d045a5eda657f4d7b676dedbfa7aab8207f8a075
# environment
LOGNAME = budali11
# environment
APPLICATION_INSIGHTS_NO_DIAGNOSTIC_CHANNEL = 1
# automatic
+F = $(notdir $+)
# environment
ZSH = /home/budali11/.oh-my-zsh
# environment
VSCODE_HANDLES_UNCAUGHT_ERRORS = true
# environment
GNOME_DESKTOP_SESSION_ID = this-is-deprecated
# automatic
^D = $(patsubst %/,%,$(dir $^))
# makefile (from 'makefile', line 95)
C_DEFS = -D__MSP432P401R__ -DPROCESS_FACE -Dgcc 
# environment
LC_TIME = en_US.UTF-8
# makefile (from 'makefile', line 101)
C_INCLUDES = -ICore/Include -ICore/Include/CMSIS -IBsp/Inc -IUser/Inc -IDevices/mpu6050/Inc -IBus/IIC/Inc 
# default
MAKE = $(MAKE_COMMAND)
# default
MAKECMDGOALS := all
# environment
QT_IM_MODULE = ibus
# environment
SHLVL = 0
# makefile (from 'makefile', line 7)
OPENOCD_PATH = /usr/local/share/openocd
# makefile (from 'makefile', line 45)
FLOAT-ABI = -mfloat-abi=hard
# makefile (from 'makefile', line 31)
CC = $(PREFIX)gcc
# environment
GNOME_SHELL_SESSION_MODE = ubuntu
# makefile (from 'makefile', line 15)
BUILD_DIR = build
# default
MAKE_VERSION := 4.2.1
# environment
USER = budali11
# environment
LC_MONETARY = en_US.UTF-8
# makefile
.DEFAULT_GOAL := all
# environment
XDG_CURRENT_DESKTOP = Unity
# environment
LESS = -R
# automatic
%D = $(patsubst %/,%,$(dir $%))
# makefile (from 'makefile', line 39)
CPU = -mcpu=cortex-m4
# environment
LC_TELEPHONE = en_US.UTF-8
# makefile (from 'makefile', line 42)
FPU = -mfpu=fpv4-sp-d16
# default
MAKE_COMMAND := make
# environment
OLDPWD = /home/budali11
# default
.VARIABLES := 
# automatic
*F = $(notdir $*)
# environment
LANGUAGE = zh_CN:en_US:en
# environment
VSCODE_IPC_HOOK = /run/user/1000/vscode-386ed3f9-1.72.2-main.sock
# makefile
MAKEFLAGS = pqrR
# environment
MFLAGS = -pqrR
# automatic
*D = $(patsubst %/,%,$(dir $*))
# automatic
+D = $(patsubst %/,%,$(dir $+))
# environment
GDK_BACKEND = x11
# environment
LC_PAPER = en_US.UTF-8
# makefile (from 'makefile', line 4)
LINUX = 1
# environment
QT_ACCESSIBILITY = 1
# makefile (from 'makefile', line 48)
MCU = $(CPU) -mthumb $(FPU) $(FLOAT-ABI)
# default
MAKEFILES := 
# environment
LC_NUMERIC = en_US.UTF-8
# automatic
<F = $(notdir $<)
# environment
LC_MEASUREMENT = en_US.UTF-8
# environment
PAGER = less
# environment
LC_ALL = C
# environment
DBUS_STARTER_BUS_TYPE = session
# automatic
^F = $(notdir $^)
# makefile (from 'makefile', line 92)
C_SOURCES = main.c Bsp/Src/adc14.c Bsp/Src/aes256.c Bsp/Src/comp_e.c Bsp/Src/cpu.c Bsp/Src/crc32.c Bsp/Src/cs.c Bsp/Src/dma.c Bsp/Src/flash.c Bsp/Src/fpu.c Bsp/Src/gpio.c Bsp/Src/i2c.c Bsp/Src/interrupt.c Bsp/Src/mpu.c Bsp/Src/pcm.c Bsp/Src/pmap.c Bsp/Src/pss.c Bsp/Src/ref_a.c Bsp/Src/reset.c Bsp/Src/rtc_c.c Bsp/Src/spi.c Bsp/Src/sysctl.c Bsp/Src/systick.c Bsp/Src/timer32.c Bsp/Src/timer_a.c Bsp/Src/uart.c Bsp/Src/wdt_a.c Core/Src/startup_msp432p401r_gcc.c Core/Src/system_msp432p401r.c Bus/IIC/Src/iic_bus.c User/Src/syscalls.c User/Src/user_uart.c  $(C_DEVICE_SOURCES)
# default
SUFFIXES := 
# environment
CHROME_DESKTOP = code-url-handler.desktop
# environment
WINDOWPATH = 2
# default
.INCLUDE_DIRS = /usr/include /usr/local/include /usr/include
# environment
LC_IDENTIFICATION = en_US.UTF-8
# makefile (from 'makefile', line 13)
PRJ_NAME = mpu6050
# default
.RECIPEPREFIX := 
# makefile (from 'makefile', line 123)
OBJECTS = $(addprefix $(BUILD_DIR)/,$(notdir $(C_SOURCES:.c=.o)))
# environment
LC_ADDRESS = en_US.UTF-8
# environment
LANG = C
# environment
VSCODE_PID = 11099
# environment
DBUS_STARTER_ADDRESS = unix:path=/run/user/1000/bus,guid=cb9a71fa907787f3b528bd4d635a8f13
# variable set hash-table stats:
# Load=129/1024=13%, Rehash=0, Collisions=21/187=11%

# Pattern-specific Variable Values

# No pattern-specific variable values.

# Directories

# Core/Include (device 66307, inode 5512789): 9 files, no impossibilities.
# . (device 66307, inode 5512715): 15 files, no impossibilities.
# Core/Include/CMSIS (device 66307, inode 5512790): 8 files, no impossibilities.
# Bsp/Src (device 66307, inode 5512755): 28 files, no impossibilities.
# User/Src (device 66307, inode 5512835): 4 files, no impossibilities.
# Bsp/Inc (device 66307, inode 5512723): 33 files, no impossibilities.
 
# Devices/mpu6050/Src (device 66307, inode 5512815): 3 files, no impossibilities.
# User/Inc (device 66307, inode 5512832): 4 files, no impossibilities.
# Devices/mpu6050/Inc (device 66307, inode 5512812): 4 files, no impossibilities.
# Core/Src (device 66307, inode 5512807): 4 files, no impossibilities.
# Bus/IIC/Src (device 66307, inode 5512786): 3 files, no impossibilities.

# 115 files, no impossibilities in 11 directories.

# Implicit Rules

build/%.o: %.c | build
#  recipe to execute (from 'makefile', line 135):
	$(CC) $(CCFLAGS) $< -o $@

# 1 implicit rules, 0 (0.0%) terminal.

# Files

# Not a target:
build/flash.o:
#  Implicit rule search has not been done.
#  Modification time never checked.
#  File has not been updated.

# Not a target:
build/system_msp432p401r.o:
#  Implicit rule search has not been done.
#  Modification time never checked.
#  File has not been updated.

build/mpu6050.elf: build/main.o build/adc14.o build/aes256.o build/comp_e.o build/cpu.o build/crc32.o build/cs.o build/dma.o build/flash.o build/fpu.o build/gpio.o build/i2c.o build/interrupt.o build/mpu.o build/pcm.o build/pmap.o build/pss.o build/ref_a.o build/reset.o build/rtc_c.o build/spi.o build/sysctl.o build/systick.o build/timer32.o build/timer_a.o build/uart.o build/wdt_a.o build/startup_msp432p401r_gcc.o build/system_msp432p401r.o build/iic_bus.o build/syscalls.o build/user_uart.o build/mpu6050.o
#  Implicit rule search has not been done.
#  Last modified 2022-10-27 22:25:27.012840587
#  File has been updated.
#  Needs to be updated (-q is set).
# variable set hash-table stats:
# Load=0/32=0%, Rehash=0, Collisions=0/12=0%
#  recipe to execute (from 'makefile', line 128):
	$(CC) $(OBJECTS) $(LDFLAGS) -o $@
	$(SZ) $@

# Not a target:
build/reset.o:
#  Implicit rule search has not been done.
#  Modification time never checked.
#  File has not been updated.

build/main.o: main.c | build
#  Implicit rule search has been done.
#  Implicit/static pattern stem: 'main'
#  Last modified 2022-10-27 22:25:27.012840587
#  File has been updated.
#  Needs to be updated (-q is set).
# automatic
# @ := build/main.o
# automatic
# % := 
# automatic
# * := main
# automatic
# + := main.c
# automatic
# | := build
# automatic
# < := main.c
# automatic
# ^ := main.c
# automatic
# ? := main.c
# variable set hash-table stats:
# Load=8/32=25%, Rehash=0, Collisions=1/22=5%
#  recipe to execute (from 'makefile', line 135):
	$(CC) $(CCFLAGS) $< -o $@

# Not a target:
build/timer_a.o:
#  Implicit rule search has not been done.
#  Modification time never checked.
#  File has not been updated.

# Not a target:
build/user_uart.o:
#  Implicit rule search has not been done.
#  Modification time never checked.
#  File has not been updated.

gdb:
#  Phony target (prerequisite of .PHONY).
#  Implicit rule search has not been done.
#  File does not exist.
#  File has not been updated.
#  recipe to execute (from 'makefile', line 154):
	arm-none-eabi-gdb $(BUILD_DIR)/$(PRJ_NAME).elf

all: build/mpu6050.elf build/mpu6050.bin
#  Command line target.
#  Implicit rule search has been done.
#  File does not exist.
#  File has been updated.
#  Needs to be updated (-q is set).
# variable set hash-table stats:
# Load=0/32=0%, Rehash=0, Collisions=0/12=0%

# Not a target:
build/syscalls.o:
#  Implicit rule search has not been done.
#  Modification time never checked.
#  File has not been updated.

.PHONY: clean connect download gdb
#  Implicit rule search has not been done.
#  Modification time never checked.
#  File has not been updated.

# Not a target:
main.c:
#  Implicit rule search has been done.
#  Last modified 2022-10-27 22:25:27.016840662
#  File has been updated.
#  Successfully updated.

# Not a target:
build/pss.o:
#  Implicit rule search has not been done.
#  Modification time never checked.
#  File has not been updated.

build/mpu6050.bin: build/mpu6050.elf
#  Implicit rule search has not been done.
#  Modification time never checked.
#  File has not been updated.
#  recipe to execute (from 'makefile', line 132):
	$(CP) $< -O binary $@

# Not a target:
build/uart.o:
#  Implicit rule search has not been done.
#  Modification time never checked.
#  File has not been updated.

# Not a target:
build/pcm.o:
#  Implicit rule search has not been done.
#  Modification time never checked.
#  File has not been updated.

# Not a target:
build/dma.o:
#  Implicit rule search has not been done.
#  Modification time never checked.
#  File has not been updated.

# Not a target:
build/cpu.o:
#  Implicit rule search has not been done.
#  Modification time never checked.
#  File has not been updated.

# Not a target:
build/gpio.o:
#  Implicit rule search has not been done.
#  Modification time never checked.
#  File has not been updated.

# Not a target:
makefile:
#  Implicit rule search has been done.
#  Last modified 2022-10-27 22:25:27.016840662
#  File has been updated.
#  Successfully updated.

build:
#  Implicit rule search has not been done.
#  Last modified 2022-10-27 22:25:27.016840662
#  File has been updated.
#  Successfully updated.
#  recipe to execute (from 'makefile', line 138):
	mkdir $@

# Not a target:
build/interrupt.o:
#  Implicit rule search has not been done.
#  Modification time never checked.
#  File has not been updated.

# Not a target:
build/cs.o:
#  Implicit rule search has not been done.
#  Modification time never checked.
#  File has not been updated.

# Not a target:
build/iic_bus.o:
#  Implicit rule search has not been done.
#  Modification time never checked.
#  File has not been updated.

# Not a target:
build/startup_msp432p401r_gcc.o:
#  Implicit rule search has not been done.
#  Modification time never checked.
#  File has not been updated.

# Not a target:
.DEFAULT:
#  Implicit rule search has not been done.
#  Modification time never checked.
#  File has not been updated.

# Not a target:
build/aes256.o:
#  Implicit rule search has not been done.
#  Modification time never checked.
#  File has not been updated.

# Not a target:
build/ref_a.o:
#  Implicit rule search has not been done.
#  Modification time never checked.
#  File has not been updated.

# Not a target:
build/sysctl.o:
#  Implicit rule search has not been done.
#  Modification time never checked.
#  File has not been updated.

# Not a target:
build/i2c.o:
 
#  Implicit rule search has not been done.
#  Modification time never checked.
#  File has not been updated.

clean:
#  Phony target (prerequisite of .PHONY).
#  Implicit rule search has not been done.
#  File does not exist.
#  File has not been updated.
#  recipe to execute (from 'makefile', line 141):
	rm -rf $(BUILD_DIR)

download:
#  Phony target (prerequisite of .PHONY).
#  Implicit rule search has not been done.
#  File does not exist.
#  File has not been updated.
#  recipe to execute (from 'makefile', line 145):
	openocd \
	-f $(OPENOCD_PATH)/scripts/interface/xds110.cfg \
	-f $(OPENOCD_PATH)/scripts/target/ti_msp432.cfg \
	-c init \
	-c halt \
	-c "flash write_image erase $(BUILD_DIR)/$(PRJ_NAME).elf 0x00000000" \
	-c reset \
	-c shutdown 

# Not a target:
build/adc14.o:
#  Implicit rule search has not been done.
#  Modification time never checked.
#  File has not been updated.

# Not a target:
build/pmap.o:
#  Implicit rule search has not been done.
#  Modification time never checked.
#  File has not been updated.

# Not a target:
build/systick.o:
#  Implicit rule search has not been done.
#  Modification time never checked.
#  File has not been updated.

# Not a target:
build/comp_e.o:
#  Implicit rule search has not been done.
#  Modification time never checked.
#  File has not been updated.

# Not a target:
build/spi.o:
#  Implicit rule search has not been done.
#  Modification time never checked.
#  File has not been updated.

# Not a target:
build/wdt_a.o:
#  Implicit rule search has not been done.
#  Modification time never checked.
#  File has not been updated.

# Not a target:
build/mpu6050.o:
#  Implicit rule search has not been done.
#  Modification time never checked.
#  File has not been updated.

connect:
#  Phony target (prerequisite of .PHONY).
#  Implicit rule search has not been done.
#  File does not exist.
#  File has not been updated.
#  recipe to execute (from 'makefile', line 143):
	openocd -f $(OPENOCD_PATH)/scripts/interface/xds110.cfg -f $(OPENOCD_PATH)/scripts/target/ti_msp432.cfg

# Not a target:
build/fpu.o:
#  Implicit rule search has not been done.
#  Modification time never checked.
#  File has not been updated.

# Not a target:
build/mpu.o:
#  Implicit rule search has not been done.
#  Modification time never checked.
#  File has not been updated.

# Not a target:
build/rtc_c.o:
#  Implicit rule search has not been done.
#  Modification time never checked.
#  File has not been updated.

# Not a target:
build/crc32.o:
#  Implicit rule search has not been done.
#  Modification time never checked.
#  File has not been updated.

# Not a target:
build/timer32.o:
#  Implicit rule search has not been done.
#  Modification time never checked.
#  File has not been updated.

# files hash-table stats:
# Load=46/1024=4%, Rehash=0, Collisions=3/119=3%
# VPATH Search Paths

# No 'vpath' search paths.

# General ('VPATH' variable) search path:
# Core/Include:Core/Include/CMSIS:Bsp/Inc:User/Inc:Bsp/Src:Core/Src:User/Src:Bus/IIC/Src:Devices/mpu6050/Src:Devices/mpu6050/Inc

# strcache buffers: 1 (0) / strings = 154 / storage = 1620 B / avg = 10 B
# current buf: size = 8162 B / used = 1620 B / count = 154 / avg = 10 B

# strcache performance: lookups = 211 / hit rate = 27%
# hash-table stats:
# Load=154/8192=2%, Rehash=0, Collisions=16/211=8%
# Finished Make data base on Thu Oct 27 22:45:31 2022

 
