make --dry-run --always-make --keep-going --print-directory
make: Entering directory '/home/budali11/git_download/MSP432-with-makefile/C_C++'
mkdir build
arm-none-eabi-gcc -c -g -mcpu=cortex-m4 -mthumb -mfpu=fpv4-sp-d16 -mfloat-abi=hard -D__MSP432P401R__ -Dgcc  -ICore/Include -ICore/Include/CMSIS -IBsp/Inc -IUser/Inc   Bsp/Src/adc14.c -o build/adc14.o
arm-none-eabi-gcc -c -g -mcpu=cortex-m4 -mthumb -mfpu=fpv4-sp-d16 -mfloat-abi=hard -D__MSP432P401R__ -Dgcc  -ICore/Include -ICore/Include/CMSIS -IBsp/Inc -IUser/Inc   Bsp/Src/aes256.c -o build/aes256.o
arm-none-eabi-gcc -c -g -mcpu=cortex-m4 -mthumb -mfpu=fpv4-sp-d16 -mfloat-abi=hard -D__MSP432P401R__ -Dgcc  -ICore/Include -ICore/Include/CMSIS -IBsp/Inc -IUser/Inc   Bsp/Src/comp_e.c -o build/comp_e.o
arm-none-eabi-gcc -c -g -mcpu=cortex-m4 -mthumb -mfpu=fpv4-sp-d16 -mfloat-abi=hard -D__MSP432P401R__ -Dgcc  -ICore/Include -ICore/Include/CMSIS -IBsp/Inc -IUser/Inc   Bsp/Src/cpu.c -o build/cpu.o
arm-none-eabi-gcc -c -g -mcpu=cortex-m4 -mthumb -mfpu=fpv4-sp-d16 -mfloat-abi=hard -D__MSP432P401R__ -Dgcc  -ICore/Include -ICore/Include/CMSIS -IBsp/Inc -IUser/Inc   Bsp/Src/crc32.c -o build/crc32.o
arm-none-eabi-gcc -c -g -mcpu=cortex-m4 -mthumb -mfpu=fpv4-sp-d16 -mfloat-abi=hard -D__MSP432P401R__ -Dgcc  -ICore/Include -ICore/Include/CMSIS -IBsp/Inc -IUser/Inc   Bsp/Src/cs.c -o build/cs.o
arm-none-eabi-gcc -c -g -mcpu=cortex-m4 -mthumb -mfpu=fpv4-sp-d16 -mfloat-abi=hard -D__MSP432P401R__ -Dgcc  -ICore/Include -ICore/Include/CMSIS -IBsp/Inc -IUser/Inc   Bsp/Src/dma.c -o build/dma.o
arm-none-eabi-gcc -c -g -mcpu=cortex-m4 -mthumb -mfpu=fpv4-sp-d16 -mfloat-abi=hard -D__MSP432P401R__ -Dgcc  -ICore/Include -ICore/Include/CMSIS -IBsp/Inc -IUser/Inc   Bsp/Src/flash.c -o build/flash.o
arm-none-eabi-gcc -c -g -mcpu=cortex-m4 -mthumb -mfpu=fpv4-sp-d16 -mfloat-abi=hard -D__MSP432P401R__ -Dgcc  -ICore/Include -ICore/Include/CMSIS -IBsp/Inc -IUser/Inc   Bsp/Src/fpu.c -o build/fpu.o
arm-none-eabi-gcc -c -g -mcpu=cortex-m4 -mthumb -mfpu=fpv4-sp-d16 -mfloat-abi=hard -D__MSP432P401R__ -Dgcc  -ICore/Include -ICore/Include/CMSIS -IBsp/Inc -IUser/Inc   Bsp/Src/gpio.c -o build/gpio.o
arm-none-eabi-gcc -c -g -mcpu=cortex-m4 -mthumb -mfpu=fpv4-sp-d16 -mfloat-abi=hard -D__MSP432P401R__ -Dgcc  -ICore/Include -ICore/Include/CMSIS -IBsp/Inc -IUser/Inc   Bsp/Src/i2c.c -o build/i2c.o
arm-none-eabi-gcc -c -g -mcpu=cortex-m4 -mthumb -mfpu=fpv4-sp-d16 -mfloat-abi=hard -D__MSP432P401R__ -Dgcc  -ICore/Include -ICore/Include/CMSIS -IBsp/Inc -IUser/Inc   Bsp/Src/interrupt.c -o build/interrupt.o
arm-none-eabi-gcc -c -g -mcpu=cortex-m4 -mthumb -mfpu=fpv4-sp-d16 -mfloat-abi=hard -D__MSP432P401R__ -Dgcc  -ICore/Include -ICore/Include/CMSIS -IBsp/Inc -IUser/Inc   Bsp/Src/mpu.c -o build/mpu.o
arm-none-eabi-gcc -c -g -mcpu=cortex-m4 -mthumb -mfpu=fpv4-sp-d16 -mfloat-abi=hard -D__MSP432P401R__ -Dgcc  -ICore/Include -ICore/Include/CMSIS -IBsp/Inc -IUser/Inc   Bsp/Src/pcm.c -o build/pcm.o
arm-none-eabi-gcc -c -g -mcpu=cortex-m4 -mthumb -mfpu=fpv4-sp-d16 -mfloat-abi=hard -D__MSP432P401R__ -Dgcc  -ICore/Include -ICore/Include/CMSIS -IBsp/Inc -IUser/Inc   Bsp/Src/pmap.c -o build/pmap.o
arm-none-eabi-gcc -c -g -mcpu=cortex-m4 -mthumb -mfpu=fpv4-sp-d16 -mfloat-abi=hard -D__MSP432P401R__ -Dgcc  -ICore/Include -ICore/Include/CMSIS -IBsp/Inc -IUser/Inc   Bsp/Src/pss.c -o build/pss.o
arm-none-eabi-gcc -c -g -mcpu=cortex-m4 -mthumb -mfpu=fpv4-sp-d16 -mfloat-abi=hard -D__MSP432P401R__ -Dgcc  -ICore/Include -ICore/Include/CMSIS -IBsp/Inc -IUser/Inc   Bsp/Src/ref_a.c -o build/ref_a.o
arm-none-eabi-gcc -c -g -mcpu=cortex-m4 -mthumb -mfpu=fpv4-sp-d16 -mfloat-abi=hard -D__MSP432P401R__ -Dgcc  -ICore/Include -ICore/Include/CMSIS -IBsp/Inc -IUser/Inc   Bsp/Src/reset.c -o build/reset.o
arm-none-eabi-gcc -c -g -mcpu=cortex-m4 -mthumb -mfpu=fpv4-sp-d16 -mfloat-abi=hard -D__MSP432P401R__ -Dgcc  -ICore/Include -ICore/Include/CMSIS -IBsp/Inc -IUser/Inc   Bsp/Src/rtc_c.c -o build/rtc_c.o
arm-none-eabi-gcc -c -g -mcpu=cortex-m4 -mthumb -mfpu=fpv4-sp-d16 -mfloat-abi=hard -D__MSP432P401R__ -Dgcc  -ICore/Include -ICore/Include/CMSIS -IBsp/Inc -IUser/Inc   Bsp/Src/spi.c -o build/spi.o
arm-none-eabi-gcc -c -g -mcpu=cortex-m4 -mthumb -mfpu=fpv4-sp-d16 -mfloat-abi=hard -D__MSP432P401R__ -Dgcc  -ICore/Include -ICore/Include/CMSIS -IBsp/Inc -IUser/Inc   Bsp/Src/sysctl.c -o build/sysctl.o
arm-none-eabi-gcc -c -g -mcpu=cortex-m4 -mthumb -mfpu=fpv4-sp-d16 -mfloat-abi=hard -D__MSP432P401R__ -Dgcc  -ICore/Include -ICore/Include/CMSIS -IBsp/Inc -IUser/Inc   Bsp/Src/systick.c -o build/systick.o
arm-none-eabi-gcc -c -g -mcpu=cortex-m4 -mthumb -mfpu=fpv4-sp-d16 -mfloat-abi=hard -D__MSP432P401R__ -Dgcc  -ICore/Include -ICore/Include/CMSIS -IBsp/Inc -IUser/Inc   Bsp/Src/timer32.c -o build/timer32.o
arm-none-eabi-gcc -c -g -mcpu=cortex-m4 -mthumb -mfpu=fpv4-sp-d16 -mfloat-abi=hard -D__MSP432P401R__ -Dgcc  -ICore/Include -ICore/Include/CMSIS -IBsp/Inc -IUser/Inc   Bsp/Src/timer_a.c -o build/timer_a.o
arm-none-eabi-gcc -c -g -mcpu=cortex-m4 -mthumb -mfpu=fpv4-sp-d16 -mfloat-abi=hard -D__MSP432P401R__ -Dgcc  -ICore/Include -ICore/Include/CMSIS -IBsp/Inc -IUser/Inc   Bsp/Src/uart.c -o build/uart.o
arm-none-eabi-gcc -c -g -mcpu=cortex-m4 -mthumb -mfpu=fpv4-sp-d16 -mfloat-abi=hard -D__MSP432P401R__ -Dgcc  -ICore/Include -ICore/Include/CMSIS -IBsp/Inc -IUser/Inc   Bsp/Src/wdt_a.c -o build/wdt_a.o
arm-none-eabi-gcc -c -g -mcpu=cortex-m4 -mthumb -mfpu=fpv4-sp-d16 -mfloat-abi=hard -D__MSP432P401R__ -Dgcc  -ICore/Include -ICore/Include/CMSIS -IBsp/Inc -IUser/Inc   Core/Src/startup_msp432p401r_gcc.c -o build/startup_msp432p401r_gcc.o
arm-none-eabi-gcc -c -g -mcpu=cortex-m4 -mthumb -mfpu=fpv4-sp-d16 -mfloat-abi=hard -D__MSP432P401R__ -Dgcc  -ICore/Include -ICore/Include/CMSIS -IBsp/Inc -IUser/Inc   Core/Src/system_msp432p401r.c -o build/system_msp432p401r.o
arm-none-eabi-gcc -c -g -mcpu=cortex-m4 -mthumb -mfpu=fpv4-sp-d16 -mfloat-abi=hard -D__MSP432P401R__ -Dgcc  -ICore/Include -ICore/Include/CMSIS -IBsp/Inc -IUser/Inc   User/Src/syscalls.c -o build/syscalls.o
arm-none-eabi-g++ -c -g -mcpu=cortex-m4 -mthumb -mfpu=fpv4-sp-d16 -mfloat-abi=hard -D__MSP432P401R__ -Dgcc  -ICore/Include -ICore/Include/CMSIS -IBsp/Inc -IUser/Inc   main.cpp -o build/main.o
arm-none-eabi-g++ -c -g -mcpu=cortex-m4 -mthumb -mfpu=fpv4-sp-d16 -mfloat-abi=hard -D__MSP432P401R__ -Dgcc  -ICore/Include -ICore/Include/CMSIS -IBsp/Inc -IUser/Inc   User/Src/user_uart.cpp -o build/user_uart.o
arm-none-eabi-g++ -c -g -mcpu=cortex-m4 -mthumb -mfpu=fpv4-sp-d16 -mfloat-abi=hard -D__MSP432P401R__ -Dgcc  -ICore/Include -ICore/Include/CMSIS -IBsp/Inc -IUser/Inc   User/Src/user_tick.cpp -o build/user_tick.o
arm-none-eabi-g++ -c -g -mcpu=cortex-m4 -mthumb -mfpu=fpv4-sp-d16 -mfloat-abi=hard -D__MSP432P401R__ -Dgcc  -ICore/Include -ICore/Include/CMSIS -IBsp/Inc -IUser/Inc   User/Src/user_nvic.cpp -o build/user_nvic.o
arm-none-eabi-gcc build/adc14.o build/aes256.o build/comp_e.o build/cpu.o build/crc32.o build/cs.o build/dma.o build/flash.o build/fpu.o build/gpio.o build/i2c.o build/interrupt.o build/mpu.o build/pcm.o build/pmap.o build/pss.o build/ref_a.o build/reset.o build/rtc_c.o build/spi.o build/sysctl.o build/systick.o build/timer32.o build/timer_a.o build/uart.o build/wdt_a.o build/startup_msp432p401r_gcc.o build/system_msp432p401r.o build/syscalls.o build/main.o build/user_uart.o build/user_tick.o build/user_nvic.o -mcpu=cortex-m4 -mthumb -mfpu=fpv4-sp-d16 -mfloat-abi=hard -Tmsp432p401r.lds -specs=nosys.specs -lc -lm -lnosys  -Wl,-gc-sections,--cref -Wl,-Map=build/C_C++.map -o build/C_C++.elf
arm-none-eabi-size build/C_C++.elf
arm-none-eabi-objcopy build/C_C++.elf -O binary build/C_C++.bin
make: Leaving directory '/cygdrive/f/Git/PRJ/MSP432-with-makefile/C_C++'
 
