make.exe all --print-data-base --no-builtin-variables --no-builtin-rules --question
# GNU Make 3.81
# Copyright (C) 2006  Free Software Foundation, Inc.
# This is free software; see the source for copying conditions.
# There is NO warranty; not even for MERCHANTABILITY or FITNESS FOR A
# PARTICULAR PURPOSE.

# This program built for i686-pc-msys
 

# Make data base, printed on Wed Oct 19 19:07:03 2022

# Variables

# automatic
<D = $(patsubst %/,%,$(dir $<))
# automatic
?F = $(notdir $?)
# makefile
MAKEFLAGS = Rrqp
# makefile (from `makefile', line 102)
CPP_SOURCES = main.cpp User/Src/user_uart.cpp User/Src/user_tick.cpp User/Src/user_nvic.cpp User/Src/user_iic.cpp User/Src/user_timer32.cpp  $(CPP_DEVICE_SOURCES) $(CPP_BUS_SOURCES)
# automatic
?D = $(patsubst %/,%,$(dir $?))
# automatic
@D = $(patsubst %/,%,$(dir $@))
# environment
 
HOMEDRIVE = C:
# automatic
@F = $(notdir $@)
# automatic
^D = $(patsubst %/,%,$(dir $^))
# makefile
CURDIR := /f/Git/PRJ/MSP432-with-makefile-and-Cpp/mpu6050_soft
# default
SHELL := /bin/sh
# environment
WINDIR = C:\WINDOWS
# environment
VSCODE_NLS_CONFIG = {"locale":"zh-cn","availableLanguages":{"*":"zh-cn"},"_languagePackId":"d12f895d31d9f9b0d093ad4fb7402f51.zh-cn","_translationsConfigFile":"C:\\Users\\HaoNan\\AppData\\Roaming\\Code\\clp\\d12f895d31d9f9b0d093ad4fb7402f51.zh-cn\\tcf.json","_cacheRoot":"C:\\Users\\HaoNan\\AppData\\Roaming\\Code\\clp\\d12f895d31d9f9b0d093ad4fb7402f51.zh-cn","_resolvedLanguagePackCoreLocation":"C:\\Users\\HaoNan\\AppData\\Roaming\\Code\\clp\\d12f895d31d9f9b0d093ad4fb7402f51.zh-cn\\d045a5eda657f4d7b676dedbfa7aab8207f8a075","_corruptedFile":"C:\\Users\\HaoNan\\AppData\\Roaming\\Code\\clp\\d12f895d31d9f9b0d093ad4fb7402f51.zh-cn\\corrupted.info","_languagePackSupport":true}
# makefile (from `makefile', line 35)
SZ = $(PREFIX)size
# environment
VBOX_MSI_INSTALL_PATH = G:\VIRTUAL\
# environment
PYCHARM COMMUNITY EDITION = F:\Deep_learn\pycharm\PyCharm Community Edition 2021.3.3\bin;
# environment
ONEDRIVE = C:\Users\HaoNan\OneDrive
# environment
CUDA_PATH_V10_0 = F:\Deep_learn\CUDA\NVIDIA GPU Computing Toolkit\CUDA\v10.0
# environment
!F: = f:\Git\PRJ\MSP432-with-makefile-and-Cpp\mpu6050_soft
# environment
PATHEXT = .COM;.EXE;.BAT;.CMD;.VBS;.VBE;.JS;.JSE;.WSF;.WSH;.MSC
# makefile (from `makefile', line 1)
MAKEFILE_LIST :=  makefile
# makefile (from `makefile', line 85)
CPP_BUS_SOURCES = Bus/IIC/Src/iic_bus.cpp 
# environment
FPS_BROWSER_USER_PROFILE_STRING = Default
# makefile (from `makefile', line 34)
CP = $(PREFIX)objcopy
# environment
TMP = /tmp
# makefile (from `makefile', line 33)
AS = $(PREFIX)gcc -x assembler-with-cpp
# environment
PROGRAMW6432 = C:\Program Files
# environment
GCC_VERSION = 11.2
# environment
PROGRAMDATA = C:\ProgramData
# makefile (from `makefile', line 32)
CPP = $(PREFIX)g++
# environment
VSCODE_CWD = F:\Git\PRJ\MSP432-with-makefile-and-Cpp\mpu6050_soft
# environment
PATH = /c/Users/HaoNan/.eide/bin/builder/bin:/c/Users/HaoNan/.eide/bin/builder/utils:/c/Users/HaoNan/.eide/bin/scripts:/i/MCU/GNU_Tools_for_ARM/11.3_rel1/bin:/i/MCU/Openocd/INSTALL/bin:/usr/bin:/c/Program Files/Common Files/Oracle/Java/javapath:/f/Deep_learn/CUDA/NVIDIA GPU Computing Toolkit/CUDA/v11.1/bin:/f/Deep_learn/CUDA/NVIDIA GPU Computing Toolkit/CUDA/v11.1/libnvvp:/f/Deep_learn/CUDA/NVIDIA GPU Computing Toolkit/CUDA/v10.0/bin:/f/Deep_learn/CUDA/NVIDIA GPU Computing Toolkit/CUDA/v10.0/libnvvp:/c/Program Files (x86)/Common Files/Oracle/Java/javapath:/c/WINDOWS/system32:/c/WINDOWS:/c/WINDOWS/System32/Wbem:/c/WINDOWS/System32/WindowsPowerShell/v1.0/:/c/WINDOWS/System32/OpenSSH/:/c/Program Files (x86)/NVIDIA Corporation/PhysX/Common:/c/Program Files/NVIDIA Corporation/NVIDIA NvDLISR:/c/WINDOWS/system32:/c/WINDOWS:/c/WINDOWS/System32/Wbem:/c/WINDOWS/System32/WindowsPowerShell/v1.0/:/c/WINDOWS/System32/OpenSSH/:/f/Matlab1/bin:/c/Program Files (x86)/STMicroelectronics/STM32 ST-LINK Utility/ST-LINK Utility:/f/Xshell/:/c/Users/HaoNan/AppData/Local/Programs/Python/Python310/Scripts:/c/Users/HaoNan/AppData/Local/Programs/Python/Python310:/f/Deep_learn/Anaconda/Scripts:/f/Deep_learn/Anaconda:/f/Deep_learn/Anaconda/Library/bin:/c/Program Files/NVIDIA Corporation/Nsight Compute 2020.2.1/:/f/Deep_learn/CUDA/NVIDIA GPU Computing Toolkit/CUDA/v11.1/extras/CUPTI/lib64:/f/Deep_learn/CUDA/NVIDIA GPU Computing Toolkit/CUDA/v11.1/cudnn/bin:/f/RT-Thread_QEMU/env/tools/qemu/qemu32:/f/Git/Git/cmd:/c/Program Files/Microsoft SQL Server/Client SDK/ODBC/110/Tools/Binn/:/c/Program Files (x86)/Microsoft SQL Server/120/Tools/Binn/:/c/Program Files/Microsoft SQL Server/120/Tools/Binn/:/c/Program Files/Microsoft SQL Server/120/DTS/Binn/:/c/Program Files (x86)/Windows Kits/8.1/Windows Performance Toolkit/:/c/Program Files/dotnet/:/f/Deep_learn/Anaconda:/f/Deep_learn/Anaconda/Library/mingw-w64/bin:/f/Deep_learn/Anaconda/Library/usr/bin:/f/Deep_learn/Anaconda/Library/bin:/f/Deep_learn/Anaconda/Scripts:/c/Users/HaoNan/AppData/Local/Microsoft/WindowsApps:/c/Program Files/Bandizip/:/f/Deep_learn/pycharm/PyCharm Community Edition 2021.3.3/bin:.:/f/Deep_learn/pycharm/PyCharm 2021.3.3/bin:.:/c/Users/HaoNan/AppData/Local/GitHubDesktop/bin:/i/MCU/Openocd/INSTALL/bin:/i/MCU/Cygwin/bin:/f/vs code/Microsoft VS Code/Microsoft VS Code/bin:/i/Win/mingw64/mingw64/bin:/i/Vim/INSTALL/Vim/vim90:/i/MCU/GNU_Tools_for_ARM/11.3_rel1/bin:/i/Win/mingw64/mingw64_12/bin:.
# environment
SW_SIM_HYDRA = C:\Program Files\Common Files\SolidWorks Shared\Simulation Worker Agent\
# environment
CUDA_PATH_V11_1 = F:\Deep_learn\CUDA\NVIDIA GPU Computing Toolkit\CUDA\v11.1
# environment
COMMONPROGRAMW6432 = C:\Program Files\Common Files
# environment
PROCESSOR_ARCHITECTURE = x86
# environment
USERPROFILE = C:\Users\HaoNan
# environment
ALLUSERSPROFILE = C:\ProgramData
# makefile (from `makefile', line 128)
VPATH = Core/Include:Core/Include/CMSIS:Bsp/Inc: Bsp/Src:Core/Src:User/Src:Devices/mpu6050/Src: Bus/IIC/Src 
# environment
EIDE_BINARIES_VER = 10.2.0
# environment
NUMBER_OF_PROCESSORS = 6
# environment
ELECTRON_RUN_AS_NODE = 1
# makefile (from `makefile', line 123)
LDFLAGS = $(MCU) -Tmsp432p401r.lds -specs=nosys.specs $(LIB) -Wl,-gc-sections,--cref -Wl,-Map=$(BUILD_DIR)/$(PRJ_NAME).map
# makefile (from `makefile', line 120)
LIB = -lc -lm -lnosys 
# default
.FEATURES := target-specific order-only second-expansion else-if archives jobserver check-symlink
# environment
NVTOOLSEXT_PATH = C:\Program Files\NVIDIA Corporation\NvToolsExt\
# automatic
%F = $(notdir $%)
# environment
CHROME_CRASHPAD_PIPE_NAME = \\.\pipe\crashpad_6188_XYLMMVBVARUWNIIM
# environment
SW_SIM_MPIT = INTELMPI
# environment
COMPUTERNAME = DESKTOP-MMIO2D6
# environment
PROGRAMFILES = C:\Program Files (x86)
# environment
DRIVERDATA = C:\Windows\System32\Drivers\DriverData
# environment
NVCUDASAMPLES_ROOT = F:\Deep_learn\CUDA\NVIDIA Corporation\CUDA\v11.1
# environment
ORIGINAL_XDG_CURRENT_DESKTOP = undefined
# environment
USERNAME = 17yearoldHaoNan
# environment
PUBLIC = C:\Users\Public
# environment
VSCODE_AMD_ENTRYPOINT = vs/workbench/api/node/extensionHostProcess
# environment
VSCODE_CODE_CACHE_PATH = C:\Users\HaoNan\AppData\Roaming\Code\CachedData\d045a5eda657f4d7b676dedbfa7aab8207f8a075
# environment
APPLICATION_INSIGHTS_NO_DIAGNOSTIC_CHANNEL = 1
# environment
COMMONPROGRAMFILES = C:\Program Files (x86)\Common Files
# environment
LOGONSERVER = \\DESKTOP-MMIO2D6
# makefile (from `makefile', line 20)
PREFIX = arm-none-eabi-
# environment
VSCODE_HANDLES_UNCAUGHT_ERRORS = true
# environment
USERDOMAIN = DESKTOP-MMIO2D6
# makefile (from `makefile', line 105)
C_DEFS = -D__MSP432P401R__ -Dgcc 
# makefile (from `makefile', line 49)
MCU = $(CPU) -mthumb $(FPU) $(FLOAT-ABI)
# environment
EIDE_TOOL_OPENOCD = I:\MCU\Openocd\INSTALL\bin
# default
MAKE = $(MAKE_COMMAND)
# default
MAKECMDGOALS := all
# makefile (from `makefile', line 8)
OPENOCD_PATH = I:/MCU/Openocd/INSTALL
# makefile (from `makefile', line 46)
FLOAT-ABI = -mfloat-abi=hard
# makefile (from `makefile', line 31)
CC = $(PREFIX)gcc
# makefile (from `makefile', line 14)
BUILD_DIR = build
# default
MAKE_VERSION := 3.81
# makefile
.DEFAULT_GOAL := all
# makefile (from `makefile', line 125)
CCFLAGS = -c -g $(MCU) $(C_DEFS) $(C_INCLUDES) 
# makefile (from `makefile', line 89)
CPP_DEVICE_SOURCES = Devices/mpu6050/Src/mpu6050.cpp 
# environment
PROGRAMFILES(X86) = C:\Program Files (x86)
# environment
EIDE_MSYS = C:\Users\HaoNan\.eide\bin\builder\msys\bin
# automatic
%D = $(patsubst %/,%,$(dir $%))
# makefile (from `makefile', line 40)
CPU = -mcpu=cortex-m4
# makefile (from `makefile', line 43)
FPU = -mfpu=fpv4-sp-d16
# environment
LOCALAPPDATA = C:\Users\HaoNan\AppData\Local
# environment
PSMODULEPATH = C:\Program Files\WindowsPowerShell\Modules;C:\WINDOWS\system32\WindowsPowerShell\v1.0\Modules;C:\Program Files (x86)\Microsoft SQL Server\120\Tools\PowerShell\Modules\
# default
MAKE_COMMAND := make.exe
# environment
PROCESSOR_ARCHITEW6432 = AMD64
# default
.VARIABLES := 
# automatic
*F = $(notdir $*)
# environment
PROCESSOR_IDENTIFIER = AMD64 Family 23 Model 113 Stepping 0, AuthenticAMD
# environment
OS = Windows_NT
# environment
VSCODE_IPC_HOOK = \\.\pipe\67c9db44112d2439cff4ff0999cb0352-1.72.2-main-sock
# environment
HOMEPATH = \
# environment
COMMONPROGRAMFILES(X86) = C:\Program Files (x86)\Common Files
# environment
PROMPT = $P$G
# environment
MFLAGS = -Rrqp
# automatic
*D = $(patsubst %/,%,$(dir $*))
# environment
SYSTEMROOT = C:\WINDOWS
# automatic
+D = $(patsubst %/,%,$(dir $+))
# environment
EIDE_TOOL_GCC_ARM = I:\MCU\GNU_Tools_for_ARM\11.3_rel1\bin
# environment
GCC_BASE = I:\MCU\arm_tool_chain
# environment
NVCUDASAMPLES10_0_ROOT = F:\Deep_learn\CUDA\NVIDIA Corporation\CUDA Samples\v10.0
# automatic
+F = $(notdir $+)
# makefile (from `makefile', line 36)
LD = $(PREFIX)ld
# environment
APPDATA = C:\Users\HaoNan\AppData\Roaming
# environment
TEMP = /tmp
# makefile (from `makefile', line 110)
C_INCLUDES = -ICore/Include -ICore/Include/CMSIS -IBsp/Inc -IUser/Inc -IDevices/mpu6050/Inc -IBus/IIC/Inc 
# environment
COMSPEC = C:\WINDOWS\system32\cmd.exe
# default
MAKEFILES := 
# automatic
<F = $(notdir $<)
# environment
LC_ALL = C
# environment
SW_SIM_TEMP = C:\ProgramData\SOLIDWORKS\SW_net_sim_temp\
# automatic
^F = $(notdir $^)
# environment
CUDA_PATH = F:\Deep_learn\CUDA\NVIDIA GPU Computing Toolkit\CUDA\v11.1
# environment
NVCUDASAMPLES11_1_ROOT = F:\Deep_learn\CUDA\NVIDIA Corporation\CUDA\v11.1
# makefile (from `makefile', line 54)
C_SOURCES = Bsp/Src/adc14.c Bsp/Src/aes256.c Bsp/Src/comp_e.c Bsp/Src/cpu.c Bsp/Src/crc32.c Bsp/Src/cs.c Bsp/Src/dma.c Bsp/Src/flash.c Bsp/Src/fpu.c Bsp/Src/gpio.c Bsp/Src/i2c.c Bsp/Src/interrupt.c Bsp/Src/mpu.c Bsp/Src/pcm.c Bsp/Src/pmap.c Bsp/Src/pss.c Bsp/Src/ref_a.c Bsp/Src/reset.c Bsp/Src/rtc_c.c Bsp/Src/spi.c Bsp/Src/sysctl.c Bsp/Src/systick.c Bsp/Src/timer32.c Bsp/Src/timer_a.c Bsp/Src/uart.c Bsp/Src/wdt_a.c Core/Src/startup_msp432p401r_gcc.c Core/Src/system_msp432p401r.c User/Src/syscalls.c 
# default
SUFFIXES := 
# environment
SYSTEMDRIVE = C:
# environment
SESSIONNAME = Console
# environment
PROCESSOR_REVISION = 7100
# environment
PYCHARM = F:\Deep_learn\pycharm\PyCharm 2021.3.3\bin;
# default
.INCLUDE_DIRS = /usr/include /usr/include
# makefile (from `makefile', line 12)
PRJ_NAME = mpu6050
# environment
MAKELEVEL := 0
# makefile (from `makefile', line 135)
OBJECTS = $(addprefix $(BUILD_DIR)/,$(notdir $(C_SOURCES:.c=.o))) $(addprefix $(BUILD_DIR)/,$(notdir $(CPP_SOURCES:.cpp=.o)))
# environment
LANG = C
# environment
PROCESSOR_LEVEL = 23
# environment
TERM = cygwin
# environment
FPS_BROWSER_APP_PROFILE_STRING = Internet Explorer
# environment
VSCODE_PID = 6188
# environment
DOTNET_CLI_TELEMETRY_OPTOUT = 1
# environment
USERDOMAIN_ROAMINGPROFILE = DESKTOP-MMIO2D6
# variable set hash-table stats:
 
# Load=131/1024=13%, Rehash=0, Collisions=18/195=9%

# Pattern-specific Variable Values

# No pattern-specific variable values.

# Directories

# Core/Include (device -28644, inode 268069): 9 files, no impossibilities.
# . (device -28644, inode 267975): 15 files, no impossibilities.
# Core/Include/CMSIS (device -28644, inode 268070): 8 files, no impossibilities.
# Bsp/Src (device -28644, inode 268031): 28 files, no impossibilities.
# User/Src (device -28644, inode 268122): 8 files, no impossibilities.
# Bsp/Inc (device -28644, inode 267986): 33 files, no impossibilities.
# Devices/mpu6050/Src (device -28644, inode 268099): 3 files, no impossibilities.
# Core/Src (device -28644, inode 268089): 4 files, no impossibilities.
# Bus/IIC/Src (device -28644, inode 268066): 3 files, no impossibilities.

# 111 files, no impossibilities in 9 directories.

# Implicit Rules

build/%.o: %.c | build
#  commands to execute (from `makefile', line 148):
	$(CC) $(CCFLAGS) $< -o $@
	

build/%.o: %.cpp | build
#  commands to execute (from `makefile', line 151):
	$(CPP) $(CCFLAGS) $< -o $@
	

# 2 implicit rules, 0 (0.0%) terminal.

# Files

# Not a target:
Bsp/Src/adc14.c:
#  Implicit rule search has been done.
 
#  Last modified 2022-10-17 21:58:59
#  File has been updated.
#  Successfully updated.
# variable set hash-table stats:
 
# Load=0/32=0%, Rehash=0, Collisions=0/0=0%

build/flash.o: Bsp/Src/flash.c | build
#  Implicit rule search has been done.
#  Implicit/static pattern stem: `flash'
#  Last modified 2022-10-19 15:19:02
#  File has been updated.
#  Successfully updated.
# variable set hash-table stats:
# Load=0/32=0%, Rehash=0, Collisions=0/0=0%
#  commands to execute (from `makefile', line 148):
	$(CC) $(CCFLAGS) $< -o $@
	

# Not a target:
Bsp/Src/pmap.c:
#  Implicit rule search has been done.
#  Last modified 2022-10-17 21:58:59
#  File has been updated.
#  Successfully updated.
# variable set hash-table stats:
# Load=0/32=0%, Rehash=0, Collisions=0/0=0%

build/user_tick.o: User/Src/user_tick.cpp | build
#  Implicit rule search has been done.
#  Implicit/static pattern stem: `user_tick'
#  Last modified 2022-10-19 15:19:06
#  File has been updated.
#  Successfully updated.
# variable set hash-table stats:
# Load=0/32=0%, Rehash=0, Collisions=0/0=0%
#  commands to execute (from `makefile', line 151):
	$(CPP) $(CCFLAGS) $< -o $@
	

build/system_msp432p401r.o: Core/Src/system_msp432p401r.c | build
#  Implicit rule search has been done.
#  Implicit/static pattern stem: `system_msp432p401r'
#  Last modified 2022-10-19 15:19:06
#  File has been updated.
#  Successfully updated.
# variable set hash-table stats:
# Load=0/32=0%, Rehash=0, Collisions=0/0=0%
#  commands to execute (from `makefile', line 148):
	$(CC) $(CCFLAGS) $< -o $@
	

build/mpu6050.elf: build/adc14.o build/aes256.o build/comp_e.o build/cpu.o build/crc32.o build/cs.o build/dma.o build/flash.o build/fpu.o build/gpio.o build/i2c.o build/interrupt.o build/mpu.o build/pcm.o build/pmap.o build/pss.o build/ref_a.o build/reset.o build/rtc_c.o build/spi.o build/sysctl.o build/systick.o build/timer32.o build/timer_a.o build/uart.o build/wdt_a.o build/startup_msp432p401r_gcc.o build/system_msp432p401r.o build/syscalls.o build/main.o build/user_uart.o build/user_tick.o build/user_nvic.o build/user_iic.o build/user_timer32.o build/mpu6050.o build/iic_bus.o
#  Implicit rule search has not been done.
#  Last modified 2022-10-19 16:47:48
#  File has been updated.
#  Needs to be updated (-q is set).
# variable set hash-table stats:
# Load=0/32=0%, Rehash=0, Collisions=0/11=0%
#  commands to execute (from `makefile', line 141):
	$(CPP) $(OBJECTS) $(LDFLAGS) -o $@
	$(SZ) $@
	

build/reset.o: Bsp/Src/reset.c | build
#  Implicit rule search has been done.
#  Implicit/static pattern stem: `reset'
#  Last modified 2022-10-19 15:19:04
#  File has been updated.
#  Successfully updated.
# variable set hash-table stats:
# Load=0/32=0%, Rehash=0, Collisions=0/0=0%
#  commands to execute (from `makefile', line 148):
	$(CC) $(CCFLAGS) $< -o $@
	

build/main.o: main.cpp | build
#  Implicit rule search has been done.
#  Implicit/static pattern stem: `main'
#  Last modified 2022-10-19 16:37:13
#  File has been updated.
#  Successfully updated.
# variable set hash-table stats:
# Load=0/32=0%, Rehash=0, Collisions=0/0=0%
#  commands to execute (from `makefile', line 151):
	$(CPP) $(CCFLAGS) $< -o $@
	

build/timer_a.o: Bsp/Src/timer_a.c | build
#  Implicit rule search has been done.
#  Implicit/static pattern stem: `timer_a'
#  Last modified 2022-10-19 15:19:04
#  File has been updated.
#  Successfully updated.
# variable set hash-table stats:
# Load=0/32=0%, Rehash=0, Collisions=0/0=0%
#  commands to execute (from `makefile', line 148):
	$(CC) $(CCFLAGS) $< -o $@
	

 
build/user_uart.o: User/Src/user_uart.cpp | build
#  Implicit rule search has been done.
#  Implicit/static pattern stem: `user_uart'
#  Last modified 2022-10-19 15:19:06
#  File has been updated.
#  Successfully updated.
# variable set hash-table stats:
# Load=0/32=0%, Rehash=0, Collisions=0/0=0%
#  commands to execute (from `makefile', line 151):
	$(CPP) $(CCFLAGS) $< -o $@
	

gdb:
#  Phony target (prerequisite of .PHONY).
#  Implicit rule search has not been done.
#  File does not exist.
#  File has not been updated.
#  commands to execute (from `makefile', line 170):
	arm-none-eabi-gdb $(BUILD_DIR)/$(PRJ_NAME).elf
	

# Not a target:
User/Src/user_iic.cpp:
#  Implicit rule search has been done.
#  Last modified 2022-10-19 15:40:17
#  File has been updated.
#  Successfully updated.
# variable set hash-table stats:
# Load=0/32=0%, Rehash=0, Collisions=0/0=0%

build/user_timer32.o: User/Src/user_timer32.cpp | build
#  Implicit rule search has been done.
#  Implicit/static pattern stem: `user_timer32'
#  Last modified 2022-10-19 16:47:48
#  File has been updated.
#  Needs to be updated (-q is set).
# automatic
# @ := build/user_timer32.o
# automatic
# % := 
# automatic
# * := user_timer32
# automatic
# + := User/Src/user_timer32.cpp
# automatic
# | := build
# automatic
# < := User/Src/user_timer32.cpp
# automatic
# ^ := User/Src/user_timer32.cpp
# automatic
# ? := User/Src/user_timer32.cpp
# variable set hash-table stats:
# Load=8/32=25%, Rehash=0, Collisions=1/21=5%
#  commands to execute (from `makefile', line 151):
	$(CPP) $(CCFLAGS) $< -o $@
	

all: build/mpu6050.elf build/mpu6050.bin
#  Command-line target.
#  Implicit rule search has been done.
#  File does not exist.
#  File has been updated.
#  Needs to be updated (-q is set).
# variable set hash-table stats:
# Load=0/32=0%, Rehash=0, Collisions=0/11=0%

build/syscalls.o: User/Src/syscalls.c | build
#  Implicit rule search has been done.
#  Implicit/static pattern stem: `syscalls'
#  Last modified 2022-10-19 15:19:06
#  File has been updated.
#  Successfully updated.
# variable set hash-table stats:
# Load=0/32=0%, Rehash=0, Collisions=0/0=0%
#  commands to execute (from `makefile', line 148):
	$(CC) $(CCFLAGS) $< -o $@
	

# Not a target:
Bsp/Src/comp_e.c:
#  Implicit rule search has been done.
#  Last modified 2022-10-17 21:58:59
#  File has been updated.
#  Successfully updated.
# variable set hash-table stats:
# Load=0/32=0%, Rehash=0, Collisions=0/0=0%

.PHONY: clean connect download gdb
#  Implicit rule search has not been done.
#  Modification time never checked.
#  File has not been updated.

# Not a target:
Bsp/Src/spi.c:
#  Implicit rule search has been done.
#  Last modified 2022-10-17 21:58:59
#  File has been updated.
#  Successfully updated.
# variable set hash-table stats:
# Load=0/32=0%, Rehash=0, Collisions=0/0=0%

# Not a target:
Bsp/Src/wdt_a.c:
#  Implicit rule search has been done.
#  Last modified 2022-10-17 21:58:59
#  File has been updated.
#  Successfully updated.
# variable set hash-table stats:
# Load=0/32=0%, Rehash=0, Collisions=0/0=0%

build/pss.o: Bsp/Src/pss.c | build
#  Implicit rule search has been done.
#  Implicit/static pattern stem: `pss'
 
#  Last modified 2022-10-19 15:19:04
#  File has been updated.
#  Successfully updated.
# variable set hash-table stats:
# Load=0/32=0%, Rehash=0, Collisions=0/0=0%
#  commands to execute (from `makefile', line 148):
	$(CC) $(CCFLAGS) $< -o $@
	

# Not a target:
User/Src/user_nvic.cpp:
#  Implicit rule search has been done.
#  Last modified 2022-10-17 21:58:59
#  File has been updated.
#  Successfully updated.
# variable set hash-table stats:
# Load=0/32=0%, Rehash=0, Collisions=0/0=0%

# Not a target:
Bsp/Src/fpu.c:
#  Implicit rule search has been done.
#  Last modified 2022-10-17 21:58:59
#  File has been updated.
#  Successfully updated.
# variable set hash-table stats:
# Load=0/32=0%, Rehash=0, Collisions=0/0=0%

build/mpu6050.bin: build/mpu6050.elf
#  Implicit rule search has not been done.
#  Modification time never checked.
#  File has not been updated.
#  commands to execute (from `makefile', line 145):
	$(CP) $< -O binary $@
	

build/uart.o: Bsp/Src/uart.c | build
#  Implicit rule search has been done.
#  Implicit/static pattern stem: `uart'
#  Last modified 2022-10-19 15:19:06
#  File has been updated.
#  Successfully updated.
# variable set hash-table stats:
# Load=0/32=0%, Rehash=0, Collisions=0/0=0%
#  commands to execute (from `makefile', line 148):
	$(CC) $(CCFLAGS) $< -o $@
	

# Not a target:
Core/Src/startup_msp432p401r_gcc.c:
#  Implicit rule search has been done.
#  Last modified 2022-10-17 21:58:59
#  File has been updated.
#  Successfully updated.
# variable set hash-table stats:
# Load=0/32=0%, Rehash=0, Collisions=0/0=0%

# Not a target:
.SUFFIXES:
#  Implicit rule search has not been done.
#  Modification time never checked.
#  File has not been updated.

# Not a target:
Bsp/Src/mpu.c:
#  Implicit rule search has been done.
#  Last modified 2022-10-17 21:58:59
#  File has been updated.
#  Successfully updated.
# variable set hash-table stats:
# Load=0/32=0%, Rehash=0, Collisions=0/0=0%

build/pcm.o: Bsp/Src/pcm.c | build
#  Implicit rule search has been done.
#  Implicit/static pattern stem: `pcm'
#  Last modified 2022-10-19 15:19:04
#  File has been updated.
#  Successfully updated.
# variable set hash-table stats:
# Load=0/32=0%, Rehash=0, Collisions=0/0=0%
#  commands to execute (from `makefile', line 148):
	$(CC) $(CCFLAGS) $< -o $@
	

# Not a target:
Bsp/Src/crc32.c:
#  Implicit rule search has been done.
#  Last modified 2022-10-17 21:58:59
#  File has been updated.
#  Successfully updated.
# variable set hash-table stats:
# Load=0/32=0%, Rehash=0, Collisions=0/0=0%

# Not a target:
Bsp/Src/timer32.c:
#  Implicit rule search has been done.
#  Last modified 2022-10-17 21:58:59
#  File has been updated.
#  Successfully updated.
# variable set hash-table stats:
# Load=0/32=0%, Rehash=0, Collisions=0/0=0%

build/dma.o: Bsp/Src/dma.c | build
#  Implicit rule search has been done.
 
#  Implicit/static pattern stem: `dma'
#  Last modified 2022-10-19 15:19:02
#  File has been updated.
#  Successfully updated.
# variable set hash-table stats:
# Load=0/32=0%, Rehash=0, Collisions=0/0=0%
#  commands to execute (from `makefile', line 148):
	$(CC) $(CCFLAGS) $< -o $@
	

build/cpu.o: Bsp/Src/cpu.c | build
#  Implicit rule search has been done.
#  Implicit/static pattern stem: `cpu'
#  Last modified 2022-10-19 15:19:02
#  File has been updated.
#  Successfully updated.
# variable set hash-table stats:
# Load=0/32=0%, Rehash=0, Collisions=0/0=0%
#  commands to execute (from `makefile', line 148):
	$(CC) $(CCFLAGS) $< -o $@
	

build/gpio.o: Bsp/Src/gpio.c | build
#  Implicit rule search has been done.
#  Implicit/static pattern stem: `gpio'
#  Last modified 2022-10-19 15:19:02
#  File has been updated.
#  Successfully updated.
# variable set hash-table stats:
# Load=0/32=0%, Rehash=0, Collisions=0/0=0%
#  commands to execute (from `makefile', line 148):
	$(CC) $(CCFLAGS) $< -o $@
	

# Not a target:
makefile:
#  Implicit rule search has been done.
#  Last modified 2022-10-17 23:25:18
#  File has been updated.
#  Successfully updated.
# variable set hash-table stats:
# Load=0/32=0%, Rehash=0, Collisions=0/0=0%

build:
#  Implicit rule search has not been done.
#  Last modified 2022-10-19 16:47:48
#  File has been updated.
#  Successfully updated.
#  commands to execute (from `makefile', line 154):
	mkdir $@
	

# Not a target:
Bsp/Src/reset.c:
#  Implicit rule search has been done.
#  Last modified 2022-10-17 21:58:59
#  File has been updated.
#  Successfully updated.
# variable set hash-table stats:
# Load=0/32=0%, Rehash=0, Collisions=0/0=0%

# Not a target:
Bsp/Src/timer_a.c:
#  Implicit rule search has been done.
#  Last modified 2022-10-17 21:58:59
#  File has been updated.
#  Successfully updated.
# variable set hash-table stats:
# Load=0/32=0%, Rehash=0, Collisions=0/0=0%

# Not a target:
main.cpp:
#  Implicit rule search has been done.
#  Last modified 2022-10-19 16:36:59
#  File has been updated.
#  Successfully updated.
# variable set hash-table stats:
# Load=0/32=0%, Rehash=0, Collisions=0/0=0%

build/user_nvic.o: User/Src/user_nvic.cpp | build
#  Implicit rule search has been done.
#  Implicit/static pattern stem: `user_nvic'
#  Last modified 2022-10-19 15:19:06
#  File has been updated.
#  Successfully updated.
# variable set hash-table stats:
# Load=0/32=0%, Rehash=0, Collisions=0/0=0%
#  commands to execute (from `makefile', line 151):
	$(CPP) $(CCFLAGS) $< -o $@
	

# Not a target:
User/Src/syscalls.c:
#  Implicit rule search has been done.
#  Last modified 2022-10-17 21:58:59
#  File has been updated.
#  Successfully updated.
# variable set hash-table stats:
# Load=0/32=0%, Rehash=0, Collisions=0/0=0%

build/interrupt.o: Bsp/Src/interrupt.c | build
#  Implicit rule search has been done.
#  Implicit/static pattern stem: `interrupt'
#  Last modified 2022-10-19 15:19:02
#  File has been updated.
#  Successfully updated.
# variable set hash-table stats:
# Load=0/32=0%, Rehash=0, Collisions=0/0=0%
#  commands to execute (from `makefile', line 148):
	$(CC) $(CCFLAGS) $< -o $@
	

# Not a target:
Bsp/Src/flash.c:
#  Implicit rule search has been done.
#  Last modified 2022-10-17 21:58:59
#  File has been updated.
#  Successfully updated.
# variable set hash-table stats:
# Load=0/32=0%, Rehash=0, Collisions=0/0=0%

# Not a target:
Bsp/Src/pss.c:
#  Implicit rule search has been done.
#  Last modified 2022-10-17 21:58:59
#  File has been updated.
#  Successfully updated.
# variable set hash-table stats:
# Load=0/32=0%, Rehash=0, Collisions=0/0=0%

# Not a target:
Bsp/Src/rtc_c.c:
#  Implicit rule search has been done.
#  Last modified 2022-10-17 21:58:59
#  File has been updated.
#  Successfully updated.
# variable set hash-table stats:
# Load=0/32=0%, Rehash=0, Collisions=0/0=0%

build/cs.o: Bsp/Src/cs.c | build
#  Implicit rule search has been done.
#  Implicit/static pattern stem: `cs'
#  Last modified 2022-10-19 15:19:02
#  File has been updated.
#  Successfully updated.
# variable set hash-table stats:
# Load=0/32=0%, Rehash=0, Collisions=0/0=0%
#  commands to execute (from `makefile', line 148):
	$(CC) $(CCFLAGS) $< -o $@
	

# Not a target:
Bsp/Src/uart.c:
#  Implicit rule search has been done.
#  Last modified 2022-10-17 21:58:59
#  File has been updated.
#  Successfully updated.
# variable set hash-table stats:
 
# Load=0/32=0%, Rehash=0, Collisions=0/0=0%

# Not a target:
build/iic_bus.o:
#  Implicit rule search has not been done.
#  Modification time never checked.
#  File has not been updated.

build/user_iic.o: User/Src/user_iic.cpp | build
#  Implicit rule search has been done.
#  Implicit/static pattern stem: `user_iic'
#  Last modified 2022-10-19 15:40:21
#  File has been updated.
#  Successfully updated.
# variable set hash-table stats:
# Load=0/32=0%, Rehash=0, Collisions=0/0=0%
#  commands to execute (from `makefile', line 151):
	$(CPP) $(CCFLAGS) $< -o $@
	

build/startup_msp432p401r_gcc.o: Core/Src/startup_msp432p401r_gcc.c | build
#  Implicit rule search has been done.
#  Implicit/static pattern stem: `startup_msp432p401r_gcc'
#  Last modified 2022-10-19 15:19:06
#  File has been updated.
#  Successfully updated.
# variable set hash-table stats:
# Load=0/32=0%, Rehash=0, Collisions=0/0=0%
#  commands to execute (from `makefile', line 148):
	$(CC) $(CCFLAGS) $< -o $@
	

# Not a target:
User/Src/user_tick.cpp:
#  Implicit rule search has been done.
#  Last modified 2022-10-17 21:58:59
#  File has been updated.
#  Successfully updated.
# variable set hash-table stats:
# Load=0/32=0%, Rehash=0, Collisions=0/0=0%

# Not a target:
Bsp/Src/pcm.c:
#  Implicit rule search has been done.
#  Last modified 2022-10-17 21:58:59
#  File has been updated.
#  Successfully updated.
# variable set hash-table stats:
# Load=0/32=0%, Rehash=0, Collisions=0/0=0%

# Not a target:
.DEFAULT:
#  Implicit rule search has not been done.
#  Modification time never checked.
#  File has not been updated.

build/aes256.o: Bsp/Src/aes256.c | build
#  Implicit rule search has been done.
#  Implicit/static pattern stem: `aes256'
#  Last modified 2022-10-19 15:19:02
#  File has been updated.
#  Successfully updated.
# variable set hash-table stats:
# Load=0/32=0%, Rehash=0, Collisions=0/0=0%
#  commands to execute (from `makefile', line 148):
	$(CC) $(CCFLAGS) $< -o $@
	

build/ref_a.o: Bsp/Src/ref_a.c | build
#  Implicit rule search has been done.
#  Implicit/static pattern stem: `ref_a'
#  Last modified 2022-10-19 15:19:04
#  File has been updated.
#  Successfully updated.
# variable set hash-table stats:
# Load=0/32=0%, Rehash=0, Collisions=0/0=0%
#  commands to execute (from `makefile', line 148):
	$(CC) $(CCFLAGS) $< -o $@
	

# Not a target:
Bsp/Src/dma.c:
#  Implicit rule search has been done.
#  Last modified 2022-10-17 21:58:59
#  File has been updated.
#  Successfully updated.
# variable set hash-table stats:
# Load=0/32=0%, Rehash=0, Collisions=0/0=0%

build/sysctl.o: Bsp/Src/sysctl.c | build
#  Implicit rule search has been done.
#  Implicit/static pattern stem: `sysctl'
#  Last modified 2022-10-19 15:19:04
#  File has been updated.
#  Successfully updated.
# variable set hash-table stats:
# Load=0/32=0%, Rehash=0, Collisions=0/0=0%
#  commands to execute (from `makefile', line 148):
	$(CC) $(CCFLAGS) $< -o $@
	

# Not a target:
Bsp/Src/cpu.c:
#  Implicit rule search has been done.
#  Last modified 2022-10-17 21:58:59
#  File has been updated.
#  Successfully updated.
# variable set hash-table stats:
# Load=0/32=0%, Rehash=0, Collisions=0/0=0%

# Not a target:
User/Src/user_uart.cpp:
#  Implicit rule search has been done.
#  Last modified 2022-10-17 21:58:59
#  File has been updated.
#  Successfully updated.
# variable set hash-table stats:
# Load=0/32=0%, Rehash=0, Collisions=0/0=0%

# Not a target:
Bsp/Src/gpio.c:
#  Implicit rule search has been done.
#  Last modified 2022-10-17 21:58:59
#  File has been updated.
#  Successfully updated.
# variable set hash-table stats:
# Load=0/32=0%, Rehash=0, Collisions=0/0=0%

# Not a target:
User/Src/user_timer32.cpp:
#  Implicit rule search has been done.
#  Last modified 2022-10-19 16:51:12
#  File has been updated.
#  Successfully updated.
# variable set hash-table stats:
# Load=0/32=0%, Rehash=0, Collisions=0/0=0%

build/i2c.o: Bsp/Src/i2c.c | build
#  Implicit rule search has been done.
#  Implicit/static pattern stem: `i2c'
#  Last modified 2022-10-19 15:19:02
#  File has been updated.
#  Successfully updated.
# variable set hash-table stats:
# Load=0/32=0%, Rehash=0, Collisions=0/0=0%
#  commands to execute (from `makefile', line 148):
	$(CC) $(CCFLAGS) $< -o $@
	

clean:
#  Phony target (prerequisite of .PHONY).
#  Implicit rule search has not been done.
#  File does not exist.
#  File has not been updated.
#  commands to execute (from `makefile', line 157):
	rm -rf $(BUILD_DIR)
	

download:
#  Phony target (prerequisite of .PHONY).
#  Implicit rule search has not been done.
#  File does not exist.
#  File has not been updated.
 
#  commands to execute (from `makefile', line 161):
	openocd \
	-f $(OPENOCD_PATH)/scripts/interface/xds110.cfg \
	-f $(OPENOCD_PATH)/scripts/target/ti_msp432.cfg \
	-c init \
	-c halt \
	-c "flash write_image erase $(BUILD_DIR)/$(PRJ_NAME).elf 0x00000000" \
	-c reset \
	-c shutdown 
	

build/adc14.o: Bsp/Src/adc14.c | build
#  Implicit rule search has been done.
#  Implicit/static pattern stem: `adc14'
#  Last modified 2022-10-19 15:19:02
#  File has been updated.
#  Successfully updated.
# variable set hash-table stats:
# Load=0/32=0%, Rehash=0, Collisions=0/0=0%
#  commands to execute (from `makefile', line 148):
	$(CC) $(CCFLAGS) $< -o $@
	

build/pmap.o: Bsp/Src/pmap.c | build
#  Implicit rule search has been done.
#  Implicit/static pattern stem: `pmap'
#  Last modified 2022-10-19 15:19:04
#  File has been updated.
#  Successfully updated.
# variable set hash-table stats:
# Load=0/32=0%, Rehash=0, Collisions=0/0=0%
#  commands to execute (from `makefile', line 148):
	$(CC) $(CCFLAGS) $< -o $@
	

# Not a target:
Core/Src/system_msp432p401r.c:
#  Implicit rule search has been done.
#  Last modified 2022-10-17 21:58:59
#  File has been updated.
#  Successfully updated.
# variable set hash-table stats:
# Load=0/32=0%, Rehash=0, Collisions=0/0=0%

# Not a target:
Bsp/Src/interrupt.c:
#  Implicit rule search has been done.
#  Last modified 2022-10-17 21:58:59
#  File has been updated.
#  Successfully updated.
# variable set hash-table stats:
# Load=0/32=0%, Rehash=0, Collisions=0/0=0%

build/systick.o: Bsp/Src/systick.c | build
#  Implicit rule search has been done.
#  Implicit/static pattern stem: `systick'
#  Last modified 2022-10-19 15:19:04
#  File has been updated.
#  Successfully updated.
# variable set hash-table stats:
# Load=0/32=0%, Rehash=0, Collisions=0/0=0%
#  commands to execute (from `makefile', line 148):
	$(CC) $(CCFLAGS) $< -o $@
	

build/comp_e.o: Bsp/Src/comp_e.c | build
#  Implicit rule search has been done.
#  Implicit/static pattern stem: `comp_e'
#  Last modified 2022-10-19 15:19:02
#  File has been updated.
#  Successfully updated.
# variable set hash-table stats:
# Load=0/32=0%, Rehash=0, Collisions=0/0=0%
#  commands to execute (from `makefile', line 148):
	$(CC) $(CCFLAGS) $< -o $@
	

# Not a target:
Bsp/Src/cs.c:
#  Implicit rule search has been done.
#  Last modified 2022-10-17 21:58:59
#  File has been updated.
#  Successfully updated.
# variable set hash-table stats:
# Load=0/32=0%, Rehash=0, Collisions=0/0=0%

build/spi.o: Bsp/Src/spi.c | build
#  Implicit rule search has been done.
#  Implicit/static pattern stem: `spi'
#  Last modified 2022-10-19 15:19:04
#  File has been updated.
#  Successfully updated.
# variable set hash-table stats:
# Load=0/32=0%, Rehash=0, Collisions=0/0=0%
#  commands to execute (from `makefile', line 148):
	$(CC) $(CCFLAGS) $< -o $@
	

build/wdt_a.o: Bsp/Src/wdt_a.c | build
#  Implicit rule search has been done.
#  Implicit/static pattern stem: `wdt_a'
#  Last modified 2022-10-19 15:19:06
#  File has been updated.
#  Successfully updated.
# variable set hash-table stats:
# Load=0/32=0%, Rehash=0, Collisions=0/0=0%
#  commands to execute (from `makefile', line 148):
	$(CC) $(CCFLAGS) $< -o $@
	

# Not a target:
build/mpu6050.o:
#  Implicit rule search has not been done.
#  Modification time never checked.
#  File has not been updated.

connect:
#  Phony target (prerequisite of .PHONY).
#  Implicit rule search has not been done.
#  File does not exist.
#  File has not been updated.
#  commands to execute (from `makefile', line 159):
	openocd -f $(OPENOCD_PATH)/scripts/interface/xds110.cfg -f $(OPENOCD_PATH)/scripts/target/ti_msp432.cfg
	

build/fpu.o: Bsp/Src/fpu.c | build
#  Implicit rule search has been done.
#  Implicit/static pattern stem: `fpu'
#  Last modified 2022-10-19 15:19:02
#  File has been updated.
#  Successfully updated.
# variable set hash-table stats:
# Load=0/32=0%, Rehash=0, Collisions=0/0=0%
#  commands to execute (from `makefile', line 148):
	$(CC) $(CCFLAGS) $< -o $@
	

# Not a target:
Bsp/Src/aes256.c:
#  Implicit rule search has been done.
#  Last modified 2022-10-17 21:58:59
#  File has been updated.
#  Successfully updated.
# variable set hash-table stats:
 
# Load=0/32=0%, Rehash=0, Collisions=0/0=0%

# Not a target:
Bsp/Src/ref_a.c:
#  Implicit rule search has been done.
#  Last modified 2022-10-17 21:58:59
#  File has been updated.
#  Successfully updated.
# variable set hash-table stats:
# Load=0/32=0%, Rehash=0, Collisions=0/0=0%

# Not a target:
Bsp/Src/sysctl.c:
#  Implicit rule search has been done.
#  Last modified 2022-10-17 21:58:59
#  File has been updated.
#  Successfully updated.
# variable set hash-table stats:
# Load=0/32=0%, Rehash=0, Collisions=0/0=0%

build/mpu.o: Bsp/Src/mpu.c | build
#  Implicit rule search has been done.
#  Implicit/static pattern stem: `mpu'
#  Last modified 2022-10-19 15:19:04
#  File has been updated.
#  Successfully updated.
# variable set hash-table stats:
# Load=0/32=0%, Rehash=0, Collisions=0/0=0%
#  commands to execute (from `makefile', line 148):
	$(CC) $(CCFLAGS) $< -o $@
	

# Not a target:
Bsp/Src/i2c.c:
#  Implicit rule search has been done.
#  Last modified 2022-10-17 21:58:59
#  File has been updated.
#  Successfully updated.
# variable set hash-table stats:
# Load=0/32=0%, Rehash=0, Collisions=0/0=0%

build/rtc_c.o: Bsp/Src/rtc_c.c | build
#  Implicit rule search has been done.
#  Implicit/static pattern stem: `rtc_c'
#  Last modified 2022-10-19 15:19:04
#  File has been updated.
#  Successfully updated.
# variable set hash-table stats:
# Load=0/32=0%, Rehash=0, Collisions=0/0=0%
#  commands to execute (from `makefile', line 148):
	$(CC) $(CCFLAGS) $< -o $@
	

build/crc32.o: Bsp/Src/crc32.c | build
#  Implicit rule search has been done.
#  Implicit/static pattern stem: `crc32'
#  Last modified 2022-10-19 15:19:02
#  File has been updated.
#  Successfully updated.
# variable set hash-table stats:
# Load=0/32=0%, Rehash=0, Collisions=0/0=0%
#  commands to execute (from `makefile', line 148):
	$(CC) $(CCFLAGS) $< -o $@
	

# Not a target:
Bsp/Src/systick.c:
#  Implicit rule search has been done.
#  Last modified 2022-10-17 21:58:59
#  File has been updated.
#  Successfully updated.
# variable set hash-table stats:
# Load=0/32=0%, Rehash=0, Collisions=0/0=0%

build/timer32.o: Bsp/Src/timer32.c | build
#  Implicit rule search has been done.
#  Implicit/static pattern stem: `timer32'
#  Last modified 2022-10-19 15:19:04
#  File has been updated.
#  Successfully updated.
# variable set hash-table stats:
# Load=0/32=0%, Rehash=0, Collisions=0/0=0%
#  commands to execute (from `makefile', line 148):
	$(CC) $(CCFLAGS) $< -o $@
	

# files hash-table stats:
# Load=84/1024=8%, Rehash=0, Collisions=65/829=8%
# VPATH Search Paths

# No `vpath' search paths.

# General (`VPATH' variable) search path:
# Core/Include:Core/Include/CMSIS:Bsp/Inc:Bsp/Src:Core/Src:User/Src:Devices/mpu6050/Src:Bus/IIC/Src

# # of strings in strcache: 1
# # of strcache buffers: 1
# strcache size: total = 4096 / max = 4096 / min = 4096 / avg = 4096
# strcache free: total = 4087 / max = 4087 / min = 4087 / avg = 4087

# Finished Make data base on Wed Oct 19 19:07:03 2022

 
