make --dry-run --always-make --keep-going --print-directory
make: Entering directory '/home/budali11/git_download/MSP432-with-makefile/debug_uart'
mkdir build
arm-none-eabi-gcc -c -g -mcpu=cortex-m4 -mthumb -mfpu=fpv4-sp-d16 -mfloat-abi=hard -D__MSP432P401R__ -DPROCESS_FACE -Dgcc  -ICore/Include -ICore/Include/CMSIS -IBsp/Inc -IUser/Inc -IBus/IIC/Inc  -Wall main.c -o build/main.o
arm-none-eabi-gcc -c -g -mcpu=cortex-m4 -mthumb -mfpu=fpv4-sp-d16 -mfloat-abi=hard -D__MSP432P401R__ -DPROCESS_FACE -Dgcc  -ICore/Include -ICore/Include/CMSIS -IBsp/Inc -IUser/Inc -IBus/IIC/Inc  -Wall Bsp/Src/cpu.c -o build/cpu.o
arm-none-eabi-gcc -c -g -mcpu=cortex-m4 -mthumb -mfpu=fpv4-sp-d16 -mfloat-abi=hard -D__MSP432P401R__ -DPROCESS_FACE -Dgcc  -ICore/Include -ICore/Include/CMSIS -IBsp/Inc -IUser/Inc -IBus/IIC/Inc  -Wall Bsp/Src/cs.c -o build/cs.o
arm-none-eabi-gcc -c -g -mcpu=cortex-m4 -mthumb -mfpu=fpv4-sp-d16 -mfloat-abi=hard -D__MSP432P401R__ -DPROCESS_FACE -Dgcc  -ICore/Include -ICore/Include/CMSIS -IBsp/Inc -IUser/Inc -IBus/IIC/Inc  -Wall Bsp/Src/flash.c -o build/flash.o
 
arm-none-eabi-gcc -c -g -mcpu=cortex-m4 -mthumb -mfpu=fpv4-sp-d16 -mfloat-abi=hard -D__MSP432P401R__ -DPROCESS_FACE -Dgcc  -ICore/Include -ICore/Include/CMSIS -IBsp/Inc -IUser/Inc -IBus/IIC/Inc  -Wall Bsp/Src/fpu.c -o build/fpu.o
arm-none-eabi-gcc -c -g -mcpu=cortex-m4 -mthumb -mfpu=fpv4-sp-d16 -mfloat-abi=hard -D__MSP432P401R__ -DPROCESS_FACE -Dgcc  -ICore/Include -ICore/Include/CMSIS -IBsp/Inc -IUser/Inc -IBus/IIC/Inc  -Wall Bsp/Src/gpio.c -o build/gpio.o
arm-none-eabi-gcc -c -g -mcpu=cortex-m4 -mthumb -mfpu=fpv4-sp-d16 -mfloat-abi=hard -D__MSP432P401R__ -DPROCESS_FACE -Dgcc  -ICore/Include -ICore/Include/CMSIS -IBsp/Inc -IUser/Inc -IBus/IIC/Inc  -Wall Bsp/Src/interrupt.c -o build/interrupt.o
arm-none-eabi-gcc -c -g -mcpu=cortex-m4 -mthumb -mfpu=fpv4-sp-d16 -mfloat-abi=hard -D__MSP432P401R__ -DPROCESS_FACE -Dgcc  -ICore/Include -ICore/Include/CMSIS -IBsp/Inc -IUser/Inc -IBus/IIC/Inc  -Wall Bsp/Src/mpu.c -o build/mpu.o
 
arm-none-eabi-gcc -c -g -mcpu=cortex-m4 -mthumb -mfpu=fpv4-sp-d16 -mfloat-abi=hard -D__MSP432P401R__ -DPROCESS_FACE -Dgcc  -ICore/Include -ICore/Include/CMSIS -IBsp/Inc -IUser/Inc -IBus/IIC/Inc  -Wall Bsp/Src/pcm.c -o build/pcm.o
arm-none-eabi-gcc -c -g -mcpu=cortex-m4 -mthumb -mfpu=fpv4-sp-d16 -mfloat-abi=hard -D__MSP432P401R__ -DPROCESS_FACE -Dgcc  -ICore/Include -ICore/Include/CMSIS -IBsp/Inc -IUser/Inc -IBus/IIC/Inc  -Wall Bsp/Src/pss.c -o build/pss.o
arm-none-eabi-gcc -c -g -mcpu=cortex-m4 -mthumb -mfpu=fpv4-sp-d16 -mfloat-abi=hard -D__MSP432P401R__ -DPROCESS_FACE -Dgcc  -ICore/Include -ICore/Include/CMSIS -IBsp/Inc -IUser/Inc -IBus/IIC/Inc  -Wall Bsp/Src/ref_a.c -o build/ref_a.o
arm-none-eabi-gcc -c -g -mcpu=cortex-m4 -mthumb -mfpu=fpv4-sp-d16 -mfloat-abi=hard -D__MSP432P401R__ -DPROCESS_FACE -Dgcc  -ICore/Include -ICore/Include/CMSIS -IBsp/Inc -IUser/Inc -IBus/IIC/Inc  -Wall Bsp/Src/reset.c -o build/reset.o
arm-none-eabi-gcc -c -g -mcpu=cortex-m4 -mthumb -mfpu=fpv4-sp-d16 -mfloat-abi=hard -D__MSP432P401R__ -DPROCESS_FACE -Dgcc  -ICore/Include -ICore/Include/CMSIS -IBsp/Inc -IUser/Inc -IBus/IIC/Inc  -Wall Bsp/Src/rtc_c.c -o build/rtc_c.o
arm-none-eabi-gcc -c -g -mcpu=cortex-m4 -mthumb -mfpu=fpv4-sp-d16 -mfloat-abi=hard -D__MSP432P401R__ -DPROCESS_FACE -Dgcc  -ICore/Include -ICore/Include/CMSIS -IBsp/Inc -IUser/Inc -IBus/IIC/Inc  -Wall Bsp/Src/sysctl.c -o build/sysctl.o
arm-none-eabi-gcc -c -g -mcpu=cortex-m4 -mthumb -mfpu=fpv4-sp-d16 -mfloat-abi=hard -D__MSP432P401R__ -DPROCESS_FACE -Dgcc  -ICore/Include -ICore/Include/CMSIS -IBsp/Inc -IUser/Inc -IBus/IIC/Inc  -Wall Bsp/Src/systick.c -o build/systick.o
arm-none-eabi-gcc -c -g -mcpu=cortex-m4 -mthumb -mfpu=fpv4-sp-d16 -mfloat-abi=hard -D__MSP432P401R__ -DPROCESS_FACE -Dgcc  -ICore/Include -ICore/Include/CMSIS -IBsp/Inc -IUser/Inc -IBus/IIC/Inc  -Wall Bsp/Src/uart.c -o build/uart.o
arm-none-eabi-gcc -c -g -mcpu=cortex-m4 -mthumb -mfpu=fpv4-sp-d16 -mfloat-abi=hard -D__MSP432P401R__ -DPROCESS_FACE -Dgcc  -ICore/Include -ICore/Include/CMSIS -IBsp/Inc -IUser/Inc -IBus/IIC/Inc  -Wall Bsp/Src/wdt_a.c -o build/wdt_a.o
arm-none-eabi-gcc -c -g -mcpu=cortex-m4 -mthumb -mfpu=fpv4-sp-d16 -mfloat-abi=hard -D__MSP432P401R__ -DPROCESS_FACE -Dgcc  -ICore/Include -ICore/Include/CMSIS -IBsp/Inc -IUser/Inc -IBus/IIC/Inc  -Wall Core/Src/startup_msp432p401r_gcc.c -o build/startup_msp432p401r_gcc.o
 
arm-none-eabi-gcc -c -g -mcpu=cortex-m4 -mthumb -mfpu=fpv4-sp-d16 -mfloat-abi=hard -D__MSP432P401R__ -DPROCESS_FACE -Dgcc  -ICore/Include -ICore/Include/CMSIS -IBsp/Inc -IUser/Inc -IBus/IIC/Inc  -Wall Core/Src/system_msp432p401r.c -o build/system_msp432p401r.o
arm-none-eabi-gcc -c -g -mcpu=cortex-m4 -mthumb -mfpu=fpv4-sp-d16 -mfloat-abi=hard -D__MSP432P401R__ -DPROCESS_FACE -Dgcc  -ICore/Include -ICore/Include/CMSIS -IBsp/Inc -IUser/Inc -IBus/IIC/Inc  -Wall User/Src/user_periph.c -o build/user_periph.o
arm-none-eabi-gcc -c -g -mcpu=cortex-m4 -mthumb -mfpu=fpv4-sp-d16 -mfloat-abi=hard -D__MSP432P401R__ -DPROCESS_FACE -Dgcc  -ICore/Include -ICore/Include/CMSIS -IBsp/Inc -IUser/Inc -IBus/IIC/Inc  -Wall User/Src/syscalls.c -o build/syscalls.o
arm-none-eabi-gcc -c -g -mcpu=cortex-m4 -mthumb -mfpu=fpv4-sp-d16 -mfloat-abi=hard -D__MSP432P401R__ -DPROCESS_FACE -Dgcc  -ICore/Include -ICore/Include/CMSIS -IBsp/Inc -IUser/Inc -IBus/IIC/Inc  -Wall User/Src/user_uart.c -o build/user_uart.o
 
arm-none-eabi-gcc -c -g -mcpu=cortex-m4 -mthumb -mfpu=fpv4-sp-d16 -mfloat-abi=hard -D__MSP432P401R__ -DPROCESS_FACE -Dgcc  -ICore/Include -ICore/Include/CMSIS -IBsp/Inc -IUser/Inc -IBus/IIC/Inc  -Wall User/Src/user_dma.c -o build/user_dma.o
arm-none-eabi-gcc build/main.o build/cpu.o build/cs.o build/flash.o build/fpu.o build/gpio.o build/interrupt.o build/mpu.o build/pcm.o build/pss.o build/ref_a.o build/reset.o build/rtc_c.o build/sysctl.o build/systick.o build/uart.o build/wdt_a.o build/startup_msp432p401r_gcc.o build/system_msp432p401r.o build/user_periph.o build/syscalls.o build/user_uart.o build/user_dma.o -mcpu=cortex-m4 -mthumb -mfpu=fpv4-sp-d16 -mfloat-abi=hard -Tmsp432p401r.lds -specs=nosys.specs -lc -lm -lnosys  -Wl,-gc-sections,--cref -Wl,-Map=build/debug_uart.map -o build/debug_uart.elf
arm-none-eabi-size build/debug_uart.elf
arm-none-eabi-objcopy build/debug_uart.elf -O binary build/debug_uart.bin
make: Leaving directory '/home/budali11/git_download/MSP432-with-makefile/debug_uart'
 
